  Building Custom Rule C:/Users/iamvf/Desktop/Cauldron/src/common/CMakeLists.txt
  Sequence.cpp
  Benchmark.cpp
  ImGuiHelper.cpp
  GltfCommon.cpp
  GltfPbrMaterial.cpp
  glTFHelpers.cpp
  Async.cpp
  Camera.cpp
  ColorConversion.cpp
  DDSLoader.cpp
  DxgiFormatHelper.cpp
  Error.cpp
  FrameworkWindows.cpp
  Hash.cpp
  ImgLoader.cpp
  Misc.cpp
  ThreadPool.cpp
  WICLoader.cpp
  WirePrimitives.cpp
  ShaderCompiler.cpp
  ShaderCompilerCache.cpp
  DXCHelper.cpp
  Cauldron_Common.vcxproj -> C:\Users\iamvf\Desktop\Cauldron\build\DX12\src\common\Release\Cauldron_Common.lib
